<?xml version="1.0" encoding="UTF-8"?>
<!-- Generated by org.testng.reporters.JUnitReportReporter -->
<testsuite hostname="Feuji-V020L-R" failures="1" tests="9" name="com.test.LetyShopsTest" time="57.377" errors="0" timestamp="2023-09-26T11:21:20 IST" skipped="0">
  <testcase classname="com.test.LetyShopsTest" name="welcomePage" time="2.654"/>
  <system-out/>
  <testcase classname="com.test.LetyShopsTest" name="loginWithoutCredentials" time="2.023"/>
  <system-out/>
  <testcase classname="com.test.LetyShopsTest" name="validateForgotPassword" time="0.160">
    <failure message="Forgot Password text is displayed as expected expected [Forgot password] but found [Forgot password?]" type="java.lang.AssertionError">
      <![CDATA[java.lang.AssertionError: Forgot Password text is displayed as expected expected [Forgot password] but found [Forgot password?]
at org.testng.Assert.fail(Assert.java:110)
at org.testng.Assert.failNotEquals(Assert.java:1577)
at org.testng.Assert.assertEqualsImpl(Assert.java:149)
at org.testng.Assert.assertEquals(Assert.java:131)
at org.testng.Assert.assertEquals(Assert.java:655)
at com.test.LetyShopsTest.validateForgotPassword(LetyShopsTest.java:114)
at java.base/jdk.internal.reflect.NativeMethodAccessorImpl.invoke0(Native Method)
at java.base/jdk.internal.reflect.NativeMethodAccessorImpl.invoke(NativeMethodAccessorImpl.java:77)
at java.base/jdk.internal.reflect.DelegatingMethodAccessorImpl.invoke(DelegatingMethodAccessorImpl.java:43)
at java.base/java.lang.reflect.Method.invoke(Method.java:568)
at org.testng.internal.invokers.MethodInvocationHelper.invokeMethod(MethodInvocationHelper.java:139)
at org.testng.internal.invokers.TestInvoker.invokeMethod(TestInvoker.java:677)
at org.testng.internal.invokers.TestInvoker.invokeTestMethod(TestInvoker.java:221)
at org.testng.internal.invokers.MethodRunner.runInSequence(MethodRunner.java:50)
at org.testng.internal.invokers.TestInvoker$MethodInvocationAgent.invoke(TestInvoker.java:969)
at org.testng.internal.invokers.TestInvoker.invokeTestMethods(TestInvoker.java:194)
at org.testng.internal.invokers.TestMethodWorker.invokeTestMethods(TestMethodWorker.java:148)
at org.testng.internal.invokers.TestMethodWorker.run(TestMethodWorker.java:128)
at java.base/java.util.ArrayList.forEach(ArrayList.java:1511)
at org.testng.TestRunner.privateRun(TestRunner.java:829)
at org.testng.TestRunner.run(TestRunner.java:602)
at org.testng.SuiteRunner.runTest(SuiteRunner.java:437)
at org.testng.SuiteRunner.runSequentially(SuiteRunner.java:431)
at org.testng.SuiteRunner.privateRun(SuiteRunner.java:391)
at org.testng.SuiteRunner.run(SuiteRunner.java:330)
at org.testng.SuiteRunnerWorker.runSuite(SuiteRunnerWorker.java:52)
at org.testng.SuiteRunnerWorker.run(SuiteRunnerWorker.java:95)
at org.testng.TestNG.runSuitesSequentially(TestNG.java:1256)
at org.testng.TestNG.runSuitesLocally(TestNG.java:1176)
at org.testng.TestNG.runSuites(TestNG.java:1099)
at org.testng.TestNG.run(TestNG.java:1067)
at org.testng.remote.AbstractRemoteTestNG.run(AbstractRemoteTestNG.java:115)
at org.testng.remote.RemoteTestNG.initAndRun(RemoteTestNG.java:251)
at org.testng.remote.RemoteTestNG.main(RemoteTestNG.java:77)
]]>
    </failure>
  </testcase> <!-- validateForgotPassword -->
  <system-out/>
  <testcase classname="com.test.LetyShopsTest" name="testLoginWithValidCredentials" time="2.832"/>
  <system-out/>
  <testcase classname="com.test.LetyShopsTest" name="selectLanguage" time="7.185"/>
  <system-out/>
  <testcase classname="com.test.LetyShopsTest" name="checkNotification" time="3.525"/>
  <system-out/>
  <testcase classname="com.test.LetyShopsTest" name="searchItem" time="5.053"/>
  <system-out/>
  <testcase classname="com.test.LetyShopsTest" name="storePage" time="18.373"/>
  <system-out/>
  <testcase classname="com.test.LetyShopsTest" name="testProfile" time="15.572"/>
  <system-out/>
</testsuite> <!-- com.test.LetyShopsTest -->
